<?xml version="1.0" encoding="UTF-8"?>
<testsuite xmlns:xsi="http://www.w3.org/2001/XMLSchema-instance" xsi:noNamespaceSchemaLocation="https://maven.apache.org/surefire/maven-surefire-plugin/xsd/surefire-test-report.xsd" name="com.imooc.GirlControllerTest" time="17.142" tests="1" errors="0" skipped="0" failures="0">
  <properties>
    <property name="gopherProxySet" value="false"/>
    <property name="awt.toolkit" value="sun.lwawt.macosx.LWCToolkit"/>
    <property name="file.encoding.pkg" value="sun.io"/>
    <property name="java.specification.version" value="1.8"/>
    <property name="sun.cpu.isalist" value=""/>
    <property name="sun.jnu.encoding" value="UTF-8"/>
    <property name="java.class.path" value="/Users/eleven/Documents/springbootworkspace/girl/target/test-classes:/Users/eleven/Documents/springbootworkspace/girl/target/classes:/Users/eleven/Documents/Repositories/Maven/org/springframework/boot/spring-boot-starter-web/2.0.3.RELEASE/spring-boot-starter-web-2.0.3.RELEASE.jar:/Users/eleven/Documents/Repositories/Maven/org/springframework/boot/spring-boot-starter/2.0.3.RELEASE/spring-boot-starter-2.0.3.RELEASE.jar:/Users/eleven/Documents/Repositories/Maven/org/springframework/boot/spring-boot-starter-logging/2.0.3.RELEASE/spring-boot-starter-logging-2.0.3.RELEASE.jar:/Users/eleven/Documents/Repositories/Maven/ch/qos/logback/logback-classic/1.2.3/logback-classic-1.2.3.jar:/Users/eleven/Documents/Repositories/Maven/ch/qos/logback/logback-core/1.2.3/logback-core-1.2.3.jar:/Users/eleven/Documents/Repositories/Maven/org/apache/logging/log4j/log4j-to-slf4j/2.10.0/log4j-to-slf4j-2.10.0.jar:/Users/eleven/Documents/Repositories/Maven/org/apache/logging/log4j/log4j-api/2.10.0/log4j-api-2.10.0.jar:/Users/eleven/Documents/Repositories/Maven/org/slf4j/jul-to-slf4j/1.7.25/jul-to-slf4j-1.7.25.jar:/Users/eleven/Documents/Repositories/Maven/javax/annotation/javax.annotation-api/1.3.2/javax.annotation-api-1.3.2.jar:/Users/eleven/Documents/Repositories/Maven/org/yaml/snakeyaml/1.19/snakeyaml-1.19.jar:/Users/eleven/Documents/Repositories/Maven/org/springframework/boot/spring-boot-starter-json/2.0.3.RELEASE/spring-boot-starter-json-2.0.3.RELEASE.jar:/Users/eleven/Documents/Repositories/Maven/com/fasterxml/jackson/core/jackson-databind/2.9.6/jackson-databind-2.9.6.jar:/Users/eleven/Documents/Repositories/Maven/com/fasterxml/jackson/core/jackson-annotations/2.9.0/jackson-annotations-2.9.0.jar:/Users/eleven/Documents/Repositories/Maven/com/fasterxml/jackson/core/jackson-core/2.9.6/jackson-core-2.9.6.jar:/Users/eleven/Documents/Repositories/Maven/com/fasterxml/jackson/datatype/jackson-datatype-jdk8/2.9.6/jackson-datatype-jdk8-2.9.6.jar:/Users/eleven/Documents/Repositories/Maven/com/fasterxml/jackson/datatype/jackson-datatype-jsr310/2.9.6/jackson-datatype-jsr310-2.9.6.jar:/Users/eleven/Documents/Repositories/Maven/com/fasterxml/jackson/module/jackson-module-parameter-names/2.9.6/jackson-module-parameter-names-2.9.6.jar:/Users/eleven/Documents/Repositories/Maven/org/springframework/boot/spring-boot-starter-tomcat/2.0.3.RELEASE/spring-boot-starter-tomcat-2.0.3.RELEASE.jar:/Users/eleven/Documents/Repositories/Maven/org/apache/tomcat/embed/tomcat-embed-core/8.5.31/tomcat-embed-core-8.5.31.jar:/Users/eleven/Documents/Repositories/Maven/org/apache/tomcat/embed/tomcat-embed-el/8.5.31/tomcat-embed-el-8.5.31.jar:/Users/eleven/Documents/Repositories/Maven/org/apache/tomcat/embed/tomcat-embed-websocket/8.5.31/tomcat-embed-websocket-8.5.31.jar:/Users/eleven/Documents/Repositories/Maven/org/hibernate/validator/hibernate-validator/6.0.10.Final/hibernate-validator-6.0.10.Final.jar:/Users/eleven/Documents/Repositories/Maven/javax/validation/validation-api/2.0.1.Final/validation-api-2.0.1.Final.jar:/Users/eleven/Documents/Repositories/Maven/org/jboss/logging/jboss-logging/3.3.2.Final/jboss-logging-3.3.2.Final.jar:/Users/eleven/Documents/Repositories/Maven/com/fasterxml/classmate/1.3.4/classmate-1.3.4.jar:/Users/eleven/Documents/Repositories/Maven/org/springframework/spring-web/5.0.7.RELEASE/spring-web-5.0.7.RELEASE.jar:/Users/eleven/Documents/Repositories/Maven/org/springframework/spring-beans/5.0.7.RELEASE/spring-beans-5.0.7.RELEASE.jar:/Users/eleven/Documents/Repositories/Maven/org/springframework/spring-webmvc/5.0.7.RELEASE/spring-webmvc-5.0.7.RELEASE.jar:/Users/eleven/Documents/Repositories/Maven/org/springframework/spring-context/5.0.7.RELEASE/spring-context-5.0.7.RELEASE.jar:/Users/eleven/Documents/Repositories/Maven/org/springframework/spring-expression/5.0.7.RELEASE/spring-expression-5.0.7.RELEASE.jar:/Users/eleven/Documents/Repositories/Maven/org/springframework/boot/spring-boot-starter-test/2.0.3.RELEASE/spring-boot-starter-test-2.0.3.RELEASE.jar:/Users/eleven/Documents/Repositories/Maven/org/springframework/boot/spring-boot-test/2.0.3.RELEASE/spring-boot-test-2.0.3.RELEASE.jar:/Users/eleven/Documents/Repositories/Maven/org/springframework/boot/spring-boot-test-autoconfigure/2.0.3.RELEASE/spring-boot-test-autoconfigure-2.0.3.RELEASE.jar:/Users/eleven/Documents/Repositories/Maven/com/jayway/jsonpath/json-path/2.4.0/json-path-2.4.0.jar:/Users/eleven/Documents/Repositories/Maven/net/minidev/json-smart/2.3/json-smart-2.3.jar:/Users/eleven/Documents/Repositories/Maven/net/minidev/accessors-smart/1.2/accessors-smart-1.2.jar:/Users/eleven/Documents/Repositories/Maven/org/ow2/asm/asm/5.0.4/asm-5.0.4.jar:/Users/eleven/Documents/Repositories/Maven/org/slf4j/slf4j-api/1.7.25/slf4j-api-1.7.25.jar:/Users/eleven/Documents/Repositories/Maven/junit/junit/4.12/junit-4.12.jar:/Users/eleven/Documents/Repositories/Maven/org/assertj/assertj-core/3.9.1/assertj-core-3.9.1.jar:/Users/eleven/Documents/Repositories/Maven/org/mockito/mockito-core/2.15.0/mockito-core-2.15.0.jar:/Users/eleven/Documents/Repositories/Maven/net/bytebuddy/byte-buddy/1.7.11/byte-buddy-1.7.11.jar:/Users/eleven/Documents/Repositories/Maven/net/bytebuddy/byte-buddy-agent/1.7.11/byte-buddy-agent-1.7.11.jar:/Users/eleven/Documents/Repositories/Maven/org/objenesis/objenesis/2.6/objenesis-2.6.jar:/Users/eleven/Documents/Repositories/Maven/org/hamcrest/hamcrest-core/1.3/hamcrest-core-1.3.jar:/Users/eleven/Documents/Repositories/Maven/org/hamcrest/hamcrest-library/1.3/hamcrest-library-1.3.jar:/Users/eleven/Documents/Repositories/Maven/org/skyscreamer/jsonassert/1.5.0/jsonassert-1.5.0.jar:/Users/eleven/Documents/Repositories/Maven/com/vaadin/external/google/android-json/0.0.20131108.vaadin1/android-json-0.0.20131108.vaadin1.jar:/Users/eleven/Documents/Repositories/Maven/org/springframework/spring-core/5.0.7.RELEASE/spring-core-5.0.7.RELEASE.jar:/Users/eleven/Documents/Repositories/Maven/org/springframework/spring-jcl/5.0.7.RELEASE/spring-jcl-5.0.7.RELEASE.jar:/Users/eleven/Documents/Repositories/Maven/org/springframework/spring-test/5.0.7.RELEASE/spring-test-5.0.7.RELEASE.jar:/Users/eleven/Documents/Repositories/Maven/org/xmlunit/xmlunit-core/2.5.1/xmlunit-core-2.5.1.jar:/Users/eleven/Documents/Repositories/Maven/org/springframework/boot/spring-boot-configuration-processor/2.0.3.RELEASE/spring-boot-configuration-processor-2.0.3.RELEASE.jar:/Users/eleven/Documents/Repositories/Maven/org/springframework/boot/spring-boot-starter-data-jpa/2.0.3.RELEASE/spring-boot-starter-data-jpa-2.0.3.RELEASE.jar:/Users/eleven/Documents/Repositories/Maven/org/springframework/boot/spring-boot-starter-jdbc/2.0.3.RELEASE/spring-boot-starter-jdbc-2.0.3.RELEASE.jar:/Users/eleven/Documents/Repositories/Maven/com/zaxxer/HikariCP/2.7.9/HikariCP-2.7.9.jar:/Users/eleven/Documents/Repositories/Maven/org/springframework/spring-jdbc/5.0.7.RELEASE/spring-jdbc-5.0.7.RELEASE.jar:/Users/eleven/Documents/Repositories/Maven/org/hibernate/hibernate-core/5.2.17.Final/hibernate-core-5.2.17.Final.jar:/Users/eleven/Documents/Repositories/Maven/org/hibernate/javax/persistence/hibernate-jpa-2.1-api/1.0.2.Final/hibernate-jpa-2.1-api-1.0.2.Final.jar:/Users/eleven/Documents/Repositories/Maven/org/javassist/javassist/3.22.0-GA/javassist-3.22.0-GA.jar:/Users/eleven/Documents/Repositories/Maven/antlr/antlr/2.7.7/antlr-2.7.7.jar:/Users/eleven/Documents/Repositories/Maven/org/jboss/jandex/2.0.3.Final/jandex-2.0.3.Final.jar:/Users/eleven/Documents/Repositories/Maven/dom4j/dom4j/1.6.1/dom4j-1.6.1.jar:/Users/eleven/Documents/Repositories/Maven/org/hibernate/common/hibernate-commons-annotations/5.0.1.Final/hibernate-commons-annotations-5.0.1.Final.jar:/Users/eleven/Documents/Repositories/Maven/javax/transaction/javax.transaction-api/1.2/javax.transaction-api-1.2.jar:/Users/eleven/Documents/Repositories/Maven/org/springframework/data/spring-data-jpa/2.0.8.RELEASE/spring-data-jpa-2.0.8.RELEASE.jar:/Users/eleven/Documents/Repositories/Maven/org/springframework/data/spring-data-commons/2.0.8.RELEASE/spring-data-commons-2.0.8.RELEASE.jar:/Users/eleven/Documents/Repositories/Maven/org/springframework/spring-orm/5.0.7.RELEASE/spring-orm-5.0.7.RELEASE.jar:/Users/eleven/Documents/Repositories/Maven/org/springframework/spring-tx/5.0.7.RELEASE/spring-tx-5.0.7.RELEASE.jar:/Users/eleven/Documents/Repositories/Maven/org/springframework/spring-aspects/5.0.7.RELEASE/spring-aspects-5.0.7.RELEASE.jar:/Users/eleven/Documents/Repositories/Maven/mysql/mysql-connector-java/5.1.46/mysql-connector-java-5.1.46.jar:/Users/eleven/Documents/Repositories/Maven/org/springframework/boot/spring-boot-starter-aop/2.0.3.RELEASE/spring-boot-starter-aop-2.0.3.RELEASE.jar:/Users/eleven/Documents/Repositories/Maven/org/springframework/spring-aop/5.0.7.RELEASE/spring-aop-5.0.7.RELEASE.jar:/Users/eleven/Documents/Repositories/Maven/org/aspectj/aspectjweaver/1.8.13/aspectjweaver-1.8.13.jar:/Users/eleven/Documents/Repositories/Maven/org/springframework/boot/spring-boot-devtools/2.0.3.RELEASE/spring-boot-devtools-2.0.3.RELEASE.jar:/Users/eleven/Documents/Repositories/Maven/org/springframework/boot/spring-boot/2.0.3.RELEASE/spring-boot-2.0.3.RELEASE.jar:/Users/eleven/Documents/Repositories/Maven/org/springframework/boot/spring-boot-autoconfigure/2.0.3.RELEASE/spring-boot-autoconfigure-2.0.3.RELEASE.jar:"/>
    <property name="java.vm.vendor" value="Oracle Corporation"/>
    <property name="sun.arch.data.model" value="64"/>
    <property name="java.vendor.url" value="http://java.oracle.com/"/>
    <property name="user.timezone" value=""/>
    <property name="java.vm.specification.version" value="1.8"/>
    <property name="os.name" value="Mac OS X"/>
    <property name="user.country" value="CN"/>
    <property name="sun.java.launcher" value="SUN_STANDARD"/>
    <property name="sun.boot.library.path" value="/Library/Java/JavaVirtualMachines/jdk1.8.0_131.jdk/Contents/Home/jre/lib"/>
    <property name="sun.java.command" value="/Users/eleven/Documents/springbootworkspace/girl/target/surefire/surefirebooter568908435256189538.jar /Users/eleven/Documents/springbootworkspace/girl/target/surefire 2018-07-03T22-56-26_713-jvmRun1 surefire6873097398680077120tmp surefire_03184302379189668998tmp"/>
    <property name="http.nonProxyHosts" value="local|*.local|169.254/16|*.169.254/16"/>
    <property name="surefire.test.class.path" value="/Users/eleven/Documents/springbootworkspace/girl/target/test-classes:/Users/eleven/Documents/springbootworkspace/girl/target/classes:/Users/eleven/Documents/Repositories/Maven/org/springframework/boot/spring-boot-starter-web/2.0.3.RELEASE/spring-boot-starter-web-2.0.3.RELEASE.jar:/Users/eleven/Documents/Repositories/Maven/org/springframework/boot/spring-boot-starter/2.0.3.RELEASE/spring-boot-starter-2.0.3.RELEASE.jar:/Users/eleven/Documents/Repositories/Maven/org/springframework/boot/spring-boot-starter-logging/2.0.3.RELEASE/spring-boot-starter-logging-2.0.3.RELEASE.jar:/Users/eleven/Documents/Repositories/Maven/ch/qos/logback/logback-classic/1.2.3/logback-classic-1.2.3.jar:/Users/eleven/Documents/Repositories/Maven/ch/qos/logback/logback-core/1.2.3/logback-core-1.2.3.jar:/Users/eleven/Documents/Repositories/Maven/org/apache/logging/log4j/log4j-to-slf4j/2.10.0/log4j-to-slf4j-2.10.0.jar:/Users/eleven/Documents/Repositories/Maven/org/apache/logging/log4j/log4j-api/2.10.0/log4j-api-2.10.0.jar:/Users/eleven/Documents/Repositories/Maven/org/slf4j/jul-to-slf4j/1.7.25/jul-to-slf4j-1.7.25.jar:/Users/eleven/Documents/Repositories/Maven/javax/annotation/javax.annotation-api/1.3.2/javax.annotation-api-1.3.2.jar:/Users/eleven/Documents/Repositories/Maven/org/yaml/snakeyaml/1.19/snakeyaml-1.19.jar:/Users/eleven/Documents/Repositories/Maven/org/springframework/boot/spring-boot-starter-json/2.0.3.RELEASE/spring-boot-starter-json-2.0.3.RELEASE.jar:/Users/eleven/Documents/Repositories/Maven/com/fasterxml/jackson/core/jackson-databind/2.9.6/jackson-databind-2.9.6.jar:/Users/eleven/Documents/Repositories/Maven/com/fasterxml/jackson/core/jackson-annotations/2.9.0/jackson-annotations-2.9.0.jar:/Users/eleven/Documents/Repositories/Maven/com/fasterxml/jackson/core/jackson-core/2.9.6/jackson-core-2.9.6.jar:/Users/eleven/Documents/Repositories/Maven/com/fasterxml/jackson/datatype/jackson-datatype-jdk8/2.9.6/jackson-datatype-jdk8-2.9.6.jar:/Users/eleven/Documents/Repositories/Maven/com/fasterxml/jackson/datatype/jackson-datatype-jsr310/2.9.6/jackson-datatype-jsr310-2.9.6.jar:/Users/eleven/Documents/Repositories/Maven/com/fasterxml/jackson/module/jackson-module-parameter-names/2.9.6/jackson-module-parameter-names-2.9.6.jar:/Users/eleven/Documents/Repositories/Maven/org/springframework/boot/spring-boot-starter-tomcat/2.0.3.RELEASE/spring-boot-starter-tomcat-2.0.3.RELEASE.jar:/Users/eleven/Documents/Repositories/Maven/org/apache/tomcat/embed/tomcat-embed-core/8.5.31/tomcat-embed-core-8.5.31.jar:/Users/eleven/Documents/Repositories/Maven/org/apache/tomcat/embed/tomcat-embed-el/8.5.31/tomcat-embed-el-8.5.31.jar:/Users/eleven/Documents/Repositories/Maven/org/apache/tomcat/embed/tomcat-embed-websocket/8.5.31/tomcat-embed-websocket-8.5.31.jar:/Users/eleven/Documents/Repositories/Maven/org/hibernate/validator/hibernate-validator/6.0.10.Final/hibernate-validator-6.0.10.Final.jar:/Users/eleven/Documents/Repositories/Maven/javax/validation/validation-api/2.0.1.Final/validation-api-2.0.1.Final.jar:/Users/eleven/Documents/Repositories/Maven/org/jboss/logging/jboss-logging/3.3.2.Final/jboss-logging-3.3.2.Final.jar:/Users/eleven/Documents/Repositories/Maven/com/fasterxml/classmate/1.3.4/classmate-1.3.4.jar:/Users/eleven/Documents/Repositories/Maven/org/springframework/spring-web/5.0.7.RELEASE/spring-web-5.0.7.RELEASE.jar:/Users/eleven/Documents/Repositories/Maven/org/springframework/spring-beans/5.0.7.RELEASE/spring-beans-5.0.7.RELEASE.jar:/Users/eleven/Documents/Repositories/Maven/org/springframework/spring-webmvc/5.0.7.RELEASE/spring-webmvc-5.0.7.RELEASE.jar:/Users/eleven/Documents/Repositories/Maven/org/springframework/spring-context/5.0.7.RELEASE/spring-context-5.0.7.RELEASE.jar:/Users/eleven/Documents/Repositories/Maven/org/springframework/spring-expression/5.0.7.RELEASE/spring-expression-5.0.7.RELEASE.jar:/Users/eleven/Documents/Repositories/Maven/org/springframework/boot/spring-boot-starter-test/2.0.3.RELEASE/spring-boot-starter-test-2.0.3.RELEASE.jar:/Users/eleven/Documents/Repositories/Maven/org/springframework/boot/spring-boot-test/2.0.3.RELEASE/spring-boot-test-2.0.3.RELEASE.jar:/Users/eleven/Documents/Repositories/Maven/org/springframework/boot/spring-boot-test-autoconfigure/2.0.3.RELEASE/spring-boot-test-autoconfigure-2.0.3.RELEASE.jar:/Users/eleven/Documents/Repositories/Maven/com/jayway/jsonpath/json-path/2.4.0/json-path-2.4.0.jar:/Users/eleven/Documents/Repositories/Maven/net/minidev/json-smart/2.3/json-smart-2.3.jar:/Users/eleven/Documents/Repositories/Maven/net/minidev/accessors-smart/1.2/accessors-smart-1.2.jar:/Users/eleven/Documents/Repositories/Maven/org/ow2/asm/asm/5.0.4/asm-5.0.4.jar:/Users/eleven/Documents/Repositories/Maven/org/slf4j/slf4j-api/1.7.25/slf4j-api-1.7.25.jar:/Users/eleven/Documents/Repositories/Maven/junit/junit/4.12/junit-4.12.jar:/Users/eleven/Documents/Repositories/Maven/org/assertj/assertj-core/3.9.1/assertj-core-3.9.1.jar:/Users/eleven/Documents/Repositories/Maven/org/mockito/mockito-core/2.15.0/mockito-core-2.15.0.jar:/Users/eleven/Documents/Repositories/Maven/net/bytebuddy/byte-buddy/1.7.11/byte-buddy-1.7.11.jar:/Users/eleven/Documents/Repositories/Maven/net/bytebuddy/byte-buddy-agent/1.7.11/byte-buddy-agent-1.7.11.jar:/Users/eleven/Documents/Repositories/Maven/org/objenesis/objenesis/2.6/objenesis-2.6.jar:/Users/eleven/Documents/Repositories/Maven/org/hamcrest/hamcrest-core/1.3/hamcrest-core-1.3.jar:/Users/eleven/Documents/Repositories/Maven/org/hamcrest/hamcrest-library/1.3/hamcrest-library-1.3.jar:/Users/eleven/Documents/Repositories/Maven/org/skyscreamer/jsonassert/1.5.0/jsonassert-1.5.0.jar:/Users/eleven/Documents/Repositories/Maven/com/vaadin/external/google/android-json/0.0.20131108.vaadin1/android-json-0.0.20131108.vaadin1.jar:/Users/eleven/Documents/Repositories/Maven/org/springframework/spring-core/5.0.7.RELEASE/spring-core-5.0.7.RELEASE.jar:/Users/eleven/Documents/Repositories/Maven/org/springframework/spring-jcl/5.0.7.RELEASE/spring-jcl-5.0.7.RELEASE.jar:/Users/eleven/Documents/Repositories/Maven/org/springframework/spring-test/5.0.7.RELEASE/spring-test-5.0.7.RELEASE.jar:/Users/eleven/Documents/Repositories/Maven/org/xmlunit/xmlunit-core/2.5.1/xmlunit-core-2.5.1.jar:/Users/eleven/Documents/Repositories/Maven/org/springframework/boot/spring-boot-configuration-processor/2.0.3.RELEASE/spring-boot-configuration-processor-2.0.3.RELEASE.jar:/Users/eleven/Documents/Repositories/Maven/org/springframework/boot/spring-boot-starter-data-jpa/2.0.3.RELEASE/spring-boot-starter-data-jpa-2.0.3.RELEASE.jar:/Users/eleven/Documents/Repositories/Maven/org/springframework/boot/spring-boot-starter-jdbc/2.0.3.RELEASE/spring-boot-starter-jdbc-2.0.3.RELEASE.jar:/Users/eleven/Documents/Repositories/Maven/com/zaxxer/HikariCP/2.7.9/HikariCP-2.7.9.jar:/Users/eleven/Documents/Repositories/Maven/org/springframework/spring-jdbc/5.0.7.RELEASE/spring-jdbc-5.0.7.RELEASE.jar:/Users/eleven/Documents/Repositories/Maven/org/hibernate/hibernate-core/5.2.17.Final/hibernate-core-5.2.17.Final.jar:/Users/eleven/Documents/Repositories/Maven/org/hibernate/javax/persistence/hibernate-jpa-2.1-api/1.0.2.Final/hibernate-jpa-2.1-api-1.0.2.Final.jar:/Users/eleven/Documents/Repositories/Maven/org/javassist/javassist/3.22.0-GA/javassist-3.22.0-GA.jar:/Users/eleven/Documents/Repositories/Maven/antlr/antlr/2.7.7/antlr-2.7.7.jar:/Users/eleven/Documents/Repositories/Maven/org/jboss/jandex/2.0.3.Final/jandex-2.0.3.Final.jar:/Users/eleven/Documents/Repositories/Maven/dom4j/dom4j/1.6.1/dom4j-1.6.1.jar:/Users/eleven/Documents/Repositories/Maven/org/hibernate/common/hibernate-commons-annotations/5.0.1.Final/hibernate-commons-annotations-5.0.1.Final.jar:/Users/eleven/Documents/Repositories/Maven/javax/transaction/javax.transaction-api/1.2/javax.transaction-api-1.2.jar:/Users/eleven/Documents/Repositories/Maven/org/springframework/data/spring-data-jpa/2.0.8.RELEASE/spring-data-jpa-2.0.8.RELEASE.jar:/Users/eleven/Documents/Repositories/Maven/org/springframework/data/spring-data-commons/2.0.8.RELEASE/spring-data-commons-2.0.8.RELEASE.jar:/Users/eleven/Documents/Repositories/Maven/org/springframework/spring-orm/5.0.7.RELEASE/spring-orm-5.0.7.RELEASE.jar:/Users/eleven/Documents/Repositories/Maven/org/springframework/spring-tx/5.0.7.RELEASE/spring-tx-5.0.7.RELEASE.jar:/Users/eleven/Documents/Repositories/Maven/org/springframework/spring-aspects/5.0.7.RELEASE/spring-aspects-5.0.7.RELEASE.jar:/Users/eleven/Documents/Repositories/Maven/mysql/mysql-connector-java/5.1.46/mysql-connector-java-5.1.46.jar:/Users/eleven/Documents/Repositories/Maven/org/springframework/boot/spring-boot-starter-aop/2.0.3.RELEASE/spring-boot-starter-aop-2.0.3.RELEASE.jar:/Users/eleven/Documents/Repositories/Maven/org/springframework/spring-aop/5.0.7.RELEASE/spring-aop-5.0.7.RELEASE.jar:/Users/eleven/Documents/Repositories/Maven/org/aspectj/aspectjweaver/1.8.13/aspectjweaver-1.8.13.jar:/Users/eleven/Documents/Repositories/Maven/org/springframework/boot/spring-boot-devtools/2.0.3.RELEASE/spring-boot-devtools-2.0.3.RELEASE.jar:/Users/eleven/Documents/Repositories/Maven/org/springframework/boot/spring-boot/2.0.3.RELEASE/spring-boot-2.0.3.RELEASE.jar:/Users/eleven/Documents/Repositories/Maven/org/springframework/boot/spring-boot-autoconfigure/2.0.3.RELEASE/spring-boot-autoconfigure-2.0.3.RELEASE.jar:"/>
    <property name="sun.cpu.endian" value="little"/>
    <property name="user.home" value="/Users/eleven"/>
    <property name="user.language" value="zh"/>
    <property name="java.specification.vendor" value="Oracle Corporation"/>
    <property name="java.home" value="/Library/Java/JavaVirtualMachines/jdk1.8.0_131.jdk/Contents/Home/jre"/>
    <property name="basedir" value="/Users/eleven/Documents/springbootworkspace/girl"/>
    <property name="file.separator" value="/"/>
    <property name="line.separator" value="&#10;"/>
    <property name="java.vm.specification.vendor" value="Oracle Corporation"/>
    <property name="java.specification.name" value="Java Platform API Specification"/>
    <property name="java.awt.graphicsenv" value="sun.awt.CGraphicsEnvironment"/>
    <property name="surefire.real.class.path" value="/Users/eleven/Documents/springbootworkspace/girl/target/surefire/surefirebooter568908435256189538.jar"/>
    <property name="sun.boot.class.path" value="/Library/Java/JavaVirtualMachines/jdk1.8.0_131.jdk/Contents/Home/jre/lib/resources.jar:/Library/Java/JavaVirtualMachines/jdk1.8.0_131.jdk/Contents/Home/jre/lib/rt.jar:/Library/Java/JavaVirtualMachines/jdk1.8.0_131.jdk/Contents/Home/jre/lib/sunrsasign.jar:/Library/Java/JavaVirtualMachines/jdk1.8.0_131.jdk/Contents/Home/jre/lib/jsse.jar:/Library/Java/JavaVirtualMachines/jdk1.8.0_131.jdk/Contents/Home/jre/lib/jce.jar:/Library/Java/JavaVirtualMachines/jdk1.8.0_131.jdk/Contents/Home/jre/lib/charsets.jar:/Library/Java/JavaVirtualMachines/jdk1.8.0_131.jdk/Contents/Home/jre/lib/jfr.jar:/Library/Java/JavaVirtualMachines/jdk1.8.0_131.jdk/Contents/Home/jre/classes"/>
    <property name="sun.management.compiler" value="HotSpot 64-Bit Tiered Compilers"/>
    <property name="ftp.nonProxyHosts" value="local|*.local|169.254/16|*.169.254/16"/>
    <property name="java.runtime.version" value="1.8.0_131-b11"/>
    <property name="user.name" value="eleven"/>
    <property name="path.separator" value=":"/>
    <property name="os.version" value="10.12.5"/>
    <property name="java.endorsed.dirs" value="/Library/Java/JavaVirtualMachines/jdk1.8.0_131.jdk/Contents/Home/jre/lib/endorsed"/>
    <property name="java.runtime.name" value="Java(TM) SE Runtime Environment"/>
    <property name="file.encoding" value="UTF-8"/>
    <property name="java.vm.name" value="Java HotSpot(TM) 64-Bit Server VM"/>
    <property name="localRepository" value="/Users/eleven/Documents/Repositories/Maven"/>
    <property name="java.vendor.url.bug" value="http://bugreport.sun.com/bugreport/"/>
    <property name="java.io.tmpdir" value="/var/folders/rr/_550f0pn6kj0l6r2tlvzvlxr0000gn/T/"/>
    <property name="java.version" value="1.8.0_131"/>
    <property name="user.dir" value="/Users/eleven/Documents/springbootworkspace/girl"/>
    <property name="os.arch" value="x86_64"/>
    <property name="java.vm.specification.name" value="Java Virtual Machine Specification"/>
    <property name="java.awt.printerjob" value="sun.lwawt.macosx.CPrinterJob"/>
    <property name="sun.os.patch.level" value="unknown"/>
    <property name="java.library.path" value="/Users/eleven/Library/Java/Extensions:/Library/Java/Extensions:/Network/Library/Java/Extensions:/System/Library/Java/Extensions:/usr/lib/java:."/>
    <property name="java.vm.info" value="mixed mode"/>
    <property name="java.vendor" value="Oracle Corporation"/>
    <property name="java.vm.version" value="25.131-b11"/>
    <property name="java.ext.dirs" value="/Users/eleven/Library/Java/Extensions:/Library/Java/JavaVirtualMachines/jdk1.8.0_131.jdk/Contents/Home/jre/lib/ext:/Library/Java/Extensions:/Network/Library/Java/Extensions:/System/Library/Java/Extensions:/usr/lib/java"/>
    <property name="sun.io.unicode.encoding" value="UnicodeBig"/>
    <property name="java.class.version" value="52.0"/>
    <property name="socksNonProxyHosts" value="local|*.local|169.254/16|*.169.254/16"/>
  </properties>
  <testcase name="testGirlList" classname="com.imooc.GirlControllerTest" time="0.588"/>
</testsuite>